Determining if the pthread_create exist failed with the following output:
Change Dir: /mnt/Datos/Juanc/Udacity/Localization/src/workspace/project_ws/build/CMakeFiles/CMakeTmp

Run Build Command:"/usr/bin/make" "cmTC_fc83f/fast"
/usr/bin/make -f CMakeFiles/cmTC_fc83f.dir/build.make CMakeFiles/cmTC_fc83f.dir/build
make[1]: se entra en el directorio '/mnt/Datos/Juanc/Udacity/Localization/src/workspace/project_ws/build/CMakeFiles/CMakeTmp'
Building C object CMakeFiles/cmTC_fc83f.dir/CheckSymbolExists.c.o
/usr/bin/cc     -o CMakeFiles/cmTC_fc83f.dir/CheckSymbolExists.c.o   -c /mnt/Datos/Juanc/Udacity/Localization/src/workspace/project_ws/build/CMakeFiles/CMakeTmp/CheckSymbolExists.c
Linking C executable cmTC_fc83f
/usr/bin/cmake -E cmake_link_script CMakeFiles/cmTC_fc83f.dir/link.txt --verbose=1
/usr/bin/cc       CMakeFiles/cmTC_fc83f.dir/CheckSymbolExists.c.o  -o cmTC_fc83f -rdynamic 
CMakeFiles/cmTC_fc83f.dir/CheckSymbolExists.c.o: En la función `main':
CheckSymbolExists.c:(.text+0x16): referencia a `pthread_create' sin definir
collect2: error: ld returned 1 exit status
CMakeFiles/cmTC_fc83f.dir/build.make:97: fallo en las instrucciones para el objetivo 'cmTC_fc83f'
make[1]: *** [cmTC_fc83f] Error 1
make[1]: se sale del directorio '/mnt/Datos/Juanc/Udacity/Localization/src/workspace/project_ws/build/CMakeFiles/CMakeTmp'
Makefile:126: fallo en las instrucciones para el objetivo 'cmTC_fc83f/fast'
make: *** [cmTC_fc83f/fast] Error 2

File /mnt/Datos/Juanc/Udacity/Localization/src/workspace/project_ws/build/CMakeFiles/CMakeTmp/CheckSymbolExists.c:
/* */
#include <pthread.h>

int main(int argc, char** argv)
{
  (void)argv;
#ifndef pthread_create
  return ((int*)(&pthread_create))[argc];
#else
  (void)argc;
  return 0;
#endif
}

Determining if the function pthread_create exists in the pthreads failed with the following output:
Change Dir: /mnt/Datos/Juanc/Udacity/Localization/src/workspace/project_ws/build/CMakeFiles/CMakeTmp

Run Build Command:"/usr/bin/make" "cmTC_12f4e/fast"
/usr/bin/make -f CMakeFiles/cmTC_12f4e.dir/build.make CMakeFiles/cmTC_12f4e.dir/build
make[1]: se entra en el directorio '/mnt/Datos/Juanc/Udacity/Localization/src/workspace/project_ws/build/CMakeFiles/CMakeTmp'
Building C object CMakeFiles/cmTC_12f4e.dir/CheckFunctionExists.c.o
/usr/bin/cc    -DCHECK_FUNCTION_EXISTS=pthread_create   -o CMakeFiles/cmTC_12f4e.dir/CheckFunctionExists.c.o   -c /usr/share/cmake-3.5/Modules/CheckFunctionExists.c
Linking C executable cmTC_12f4e
/usr/bin/cmake -E cmake_link_script CMakeFiles/cmTC_12f4e.dir/link.txt --verbose=1
/usr/bin/cc   -DCHECK_FUNCTION_EXISTS=pthread_create    CMakeFiles/cmTC_12f4e.dir/CheckFunctionExists.c.o  -o cmTC_12f4e -rdynamic -lpthreads 
/usr/bin/ld: no se puede encontrar -lpthreads
collect2: error: ld returned 1 exit status
CMakeFiles/cmTC_12f4e.dir/build.make:97: fallo en las instrucciones para el objetivo 'cmTC_12f4e'
make[1]: *** [cmTC_12f4e] Error 1
make[1]: se sale del directorio '/mnt/Datos/Juanc/Udacity/Localization/src/workspace/project_ws/build/CMakeFiles/CMakeTmp'
Makefile:126: fallo en las instrucciones para el objetivo 'cmTC_12f4e/fast'
make: *** [cmTC_12f4e/fast] Error 2


