Determining if the pthread_create exist failed with the following output:
Change Dir: /mnt/Datos/Juanc/Documents/Udacity/worksace/catkin_ws/build/CMakeFiles/CMakeTmp

Run Build Command:"/usr/bin/make" "cmTC_7c8a9/fast"
/usr/bin/make -f CMakeFiles/cmTC_7c8a9.dir/build.make CMakeFiles/cmTC_7c8a9.dir/build
make[1]: se entra en el directorio '/mnt/Datos/Juanc/Documents/Udacity/worksace/catkin_ws/build/CMakeFiles/CMakeTmp'
Building C object CMakeFiles/cmTC_7c8a9.dir/CheckSymbolExists.c.o
/usr/bin/cc     -o CMakeFiles/cmTC_7c8a9.dir/CheckSymbolExists.c.o   -c /mnt/Datos/Juanc/Documents/Udacity/worksace/catkin_ws/build/CMakeFiles/CMakeTmp/CheckSymbolExists.c
Linking C executable cmTC_7c8a9
/usr/bin/cmake -E cmake_link_script CMakeFiles/cmTC_7c8a9.dir/link.txt --verbose=1
/usr/bin/cc       CMakeFiles/cmTC_7c8a9.dir/CheckSymbolExists.c.o  -o cmTC_7c8a9 -rdynamic 
CMakeFiles/cmTC_7c8a9.dir/CheckSymbolExists.c.o: En la función `main':
CheckSymbolExists.c:(.text+0x16): referencia a `pthread_create' sin definir
collect2: error: ld returned 1 exit status
CMakeFiles/cmTC_7c8a9.dir/build.make:97: fallo en las instrucciones para el objetivo 'cmTC_7c8a9'
make[1]: *** [cmTC_7c8a9] Error 1
make[1]: se sale del directorio '/mnt/Datos/Juanc/Documents/Udacity/worksace/catkin_ws/build/CMakeFiles/CMakeTmp'
Makefile:126: fallo en las instrucciones para el objetivo 'cmTC_7c8a9/fast'
make: *** [cmTC_7c8a9/fast] Error 2

File /mnt/Datos/Juanc/Documents/Udacity/worksace/catkin_ws/build/CMakeFiles/CMakeTmp/CheckSymbolExists.c:
/* */
#include <pthread.h>

int main(int argc, char** argv)
{
  (void)argv;
#ifndef pthread_create
  return ((int*)(&pthread_create))[argc];
#else
  (void)argc;
  return 0;
#endif
}

Determining if the function pthread_create exists in the pthreads failed with the following output:
Change Dir: /mnt/Datos/Juanc/Documents/Udacity/worksace/catkin_ws/build/CMakeFiles/CMakeTmp

Run Build Command:"/usr/bin/make" "cmTC_de601/fast"
/usr/bin/make -f CMakeFiles/cmTC_de601.dir/build.make CMakeFiles/cmTC_de601.dir/build
make[1]: se entra en el directorio '/mnt/Datos/Juanc/Documents/Udacity/worksace/catkin_ws/build/CMakeFiles/CMakeTmp'
Building C object CMakeFiles/cmTC_de601.dir/CheckFunctionExists.c.o
/usr/bin/cc    -DCHECK_FUNCTION_EXISTS=pthread_create   -o CMakeFiles/cmTC_de601.dir/CheckFunctionExists.c.o   -c /usr/share/cmake-3.5/Modules/CheckFunctionExists.c
Linking C executable cmTC_de601
/usr/bin/cmake -E cmake_link_script CMakeFiles/cmTC_de601.dir/link.txt --verbose=1
/usr/bin/cc   -DCHECK_FUNCTION_EXISTS=pthread_create    CMakeFiles/cmTC_de601.dir/CheckFunctionExists.c.o  -o cmTC_de601 -rdynamic -lpthreads 
/usr/bin/ld: no se puede encontrar -lpthreads
collect2: error: ld returned 1 exit status
CMakeFiles/cmTC_de601.dir/build.make:97: fallo en las instrucciones para el objetivo 'cmTC_de601'
make[1]: *** [cmTC_de601] Error 1
make[1]: se sale del directorio '/mnt/Datos/Juanc/Documents/Udacity/worksace/catkin_ws/build/CMakeFiles/CMakeTmp'
Makefile:126: fallo en las instrucciones para el objetivo 'cmTC_de601/fast'
make: *** [cmTC_de601/fast] Error 2


